[2026-01-20 20:42:48] ═══════════════════════════════════════════════════════════════
[2026-01-20 20:42:48] RALPH QA AUTONOMOUS - Starting unattended execution
[2026-01-20 20:42:48] ═══════════════════════════════════════════════════════════════
[2026-01-20 20:42:48] Waiting for Ralph to complete all stories...
[2026-01-20 20:42:48] Progress: 57 / 91 - waiting...
[2026-01-20 20:43:49] Progress: 57 / 91 - waiting...
[2026-01-20 20:44:49] Progress: 58 / 91 - waiting...
[2026-01-20 20:45:49] Progress: 58 / 91 - waiting...
[2026-01-20 20:46:49] Progress: 58 / 91 - waiting...
[2026-01-20 20:47:49] Progress: 58 / 91 - waiting...
[2026-01-20 20:48:49] Progress: 59 / 91 - waiting...
[2026-01-20 20:49:49] Progress: 59 / 91 - waiting...
[2026-01-20 20:50:49] Progress: 60 / 91 - waiting...
[2026-01-20 20:51:49] Progress: 60 / 91 - waiting...
[2026-01-20 20:52:49] Progress: 60 / 91 - waiting...
[2026-01-20 20:53:49] Progress: 60 / 91 - waiting...
[2026-01-20 20:54:49] Progress: 60 / 91 - waiting...
[2026-01-20 20:55:49] Progress: 60 / 91 - waiting...
[2026-01-20 20:56:49] Progress: 61 / 91 - waiting...
[2026-01-20 20:57:49] Progress: 61 / 91 - waiting...
[2026-01-20 20:58:49] Progress: 61 / 91 - waiting...
[2026-01-20 20:59:49] Progress: 62 / 91 - waiting...
[2026-01-20 21:00:50] Progress: 62 / 91 - waiting...
[2026-01-20 21:01:50] Progress: 63 / 91 - waiting...
[2026-01-20 21:02:50] Progress: 63 / 91 - waiting...
[2026-01-20 21:03:50] Progress: 63 / 91 - waiting...
[2026-01-20 21:04:50] Progress: 63 / 91 - waiting...
[2026-01-20 21:05:50] Progress: 63 / 91 - waiting...
[2026-01-20 21:06:50] Progress: 64 / 91 - waiting...
[2026-01-20 21:07:50] Progress: 64 / 91 - waiting...
[2026-01-20 21:08:50] Progress: 64 / 91 - waiting...
[2026-01-20 21:09:50] Progress: 64 / 91 - waiting...
[2026-01-20 21:10:50] Progress: 64 / 91 - waiting...
[2026-01-20 21:11:50] Progress: 64 / 91 - waiting...
[2026-01-20 21:12:50] Progress: 64 / 91 - waiting...
[2026-01-20 21:13:50] Progress: 64 / 91 - waiting...
[2026-01-20 21:14:50] Progress: 64 / 91 - waiting...
[2026-01-20 21:15:50] Progress: 64 / 91 - waiting...
[2026-01-20 21:16:50] Progress: 64 / 91 - waiting...
[2026-01-20 21:17:50] Progress: 64 / 91 - waiting...
[2026-01-20 21:18:50] Progress: 64 / 91 - waiting...
[2026-01-20 21:19:50] Progress: 64 / 91 - waiting...
[2026-01-20 21:20:51] Progress: 64 / 91 - waiting...
[2026-01-20 21:21:51] Progress: 65 / 91 - waiting...
[2026-01-20 21:22:51] Progress: 65 / 91 - waiting...
[2026-01-20 21:23:51] Progress: 65 / 91 - waiting...
[2026-01-20 21:24:51] Progress: 65 / 91 - waiting...
[2026-01-20 21:25:51] Progress: 65 / 91 - waiting...
[2026-01-20 21:26:51] Progress: 66 / 91 - waiting...
[2026-01-20 21:27:51] Progress: 67 / 91 - waiting...
[2026-01-20 21:28:51] Progress: 67 / 91 - waiting...
[2026-01-20 21:29:51] Progress: 67 / 91 - waiting...
[2026-01-20 21:30:51] Progress: 67 / 91 - waiting...
[2026-01-20 21:31:51] Progress: 67 / 91 - waiting...
[2026-01-20 21:32:51] Progress: 67 / 91 - waiting...
[2026-01-20 21:33:51] Progress: 68 / 91 - waiting...
[2026-01-20 21:34:51] Progress: 68 / 91 - waiting...
[2026-01-20 21:35:51] Progress: 68 / 91 - waiting...
[2026-01-20 21:36:51] Progress: 68 / 91 - waiting...
[2026-01-20 21:37:51] Progress: 69 / 91 - waiting...
[2026-01-20 21:38:52] Progress: 69 / 91 - waiting...
[2026-01-20 21:39:52] Progress: 70 / 91 - waiting...
[2026-01-20 21:40:52] Progress: 70 / 91 - waiting...
[2026-01-20 21:41:52] Ralph stopped but only 70/91 complete. Restarting...
[2026-01-20 21:41:52] Progress: 70 / 91 - waiting...
[2026-01-20 21:42:52] Progress: 70 / 91 - waiting...
[2026-01-20 21:43:52] Ralph stopped but only 70/91 complete. Restarting...
[2026-01-20 21:43:52] Progress: 70 / 91 - waiting...
[2026-01-20 21:44:52] Progress: 70 / 91 - waiting...
[2026-01-20 21:45:52] Ralph stopped but only 70/91 complete. Restarting...
[2026-01-20 21:45:52] Progress: 70 / 91 - waiting...
[2026-01-20 21:46:52] Progress: 70 / 91 - waiting...
[2026-01-20 21:47:52] Ralph stopped but only 70/91 complete. Restarting...
[2026-01-20 21:47:52] Progress: 70 / 91 - waiting...
[2026-01-20 21:48:52] Progress: 70 / 91 - waiting...
[2026-01-20 21:49:52] Ralph stopped but only 70/91 complete. Restarting...
[2026-01-20 21:49:52] Progress: 70 / 91 - waiting...
[2026-01-20 21:50:52] Progress: 70 / 91 - waiting...
[2026-01-20 21:51:52] Ralph stopped but only 70/91 complete. Restarting...
[2026-01-20 21:51:52] Progress: 70 / 91 - waiting...
[2026-01-20 21:52:52] Progress: 70 / 91 - waiting...
[2026-01-20 21:53:52] Ralph stopped but only 70/91 complete. Restarting...
[2026-01-20 21:53:52] Progress: 70 / 91 - waiting...
[2026-01-20 21:54:52] Progress: 70 / 91 - waiting...
[2026-01-20 21:55:52] Ralph stopped but only 70/91 complete. Restarting...
[2026-01-20 21:55:52] Progress: 70 / 91 - waiting...
[2026-01-20 21:56:52] Progress: 70 / 91 - waiting...
[2026-01-20 21:57:52] Ralph stopped but only 70/91 complete. Restarting...
[2026-01-20 21:57:52] Progress: 70 / 91 - waiting...
[2026-01-20 21:58:52] Progress: 70 / 91 - waiting...
[2026-01-20 21:59:52] Ralph stopped but only 70/91 complete. Restarting...
[2026-01-20 21:59:52] Progress: 70 / 91 - waiting...
[2026-01-20 22:00:53] Progress: 70 / 91 - waiting...
[2026-01-20 22:01:53] Ralph stopped but only 70/91 complete. Restarting...
[2026-01-20 22:01:53] Progress: 70 / 91 - waiting...
[2026-01-20 22:02:53] Progress: 70 / 91 - waiting...
[2026-01-20 22:03:53] Ralph stopped but only 70/91 complete. Restarting...
[2026-01-20 22:03:53] Progress: 70 / 91 - waiting...
[2026-01-20 22:04:53] Progress: 70 / 91 - waiting...
[2026-01-20 22:05:53] Ralph stopped but only 70/91 complete. Restarting...
[2026-01-20 22:05:53] Progress: 70 / 91 - waiting...
[2026-01-20 22:06:53] Progress: 70 / 91 - waiting...
[2026-01-20 22:07:53] Ralph stopped but only 70/91 complete. Restarting...
[2026-01-20 22:07:53] Progress: 70 / 91 - waiting...
[2026-01-20 22:08:53] Progress: 70 / 91 - waiting...
[2026-01-20 22:09:53] Ralph stopped but only 70/91 complete. Restarting...
[2026-01-20 22:09:53] Progress: 70 / 91 - waiting...
[2026-01-20 22:10:53] Progress: 70 / 91 - waiting...
[2026-01-20 22:11:53] Ralph stopped but only 70/91 complete. Restarting...
[2026-01-20 22:11:53] Progress: 70 / 91 - waiting...
[2026-01-20 22:12:53] Progress: 70 / 91 - waiting...
[2026-01-20 22:13:53] Ralph stopped but only 70/91 complete. Restarting...
[2026-01-20 22:13:53] Progress: 70 / 91 - waiting...
[2026-01-20 22:14:53] Progress: 70 / 91 - waiting...
[2026-01-20 22:15:53] Ralph stopped but only 70/91 complete. Restarting...
[2026-01-20 22:15:53] Progress: 70 / 91 - waiting...
[2026-01-20 22:16:53] Progress: 70 / 91 - waiting...
[2026-01-20 22:17:53] Ralph stopped but only 70/91 complete. Restarting...
[2026-01-20 22:17:53] Progress: 70 / 91 - waiting...
[2026-01-20 22:18:53] Progress: 70 / 91 - waiting...
[2026-01-20 22:19:53] Ralph stopped but only 70/91 complete. Restarting...
[2026-01-20 22:19:53] Progress: 70 / 91 - waiting...
[2026-01-20 22:20:53] Progress: 70 / 91 - waiting...
[2026-01-20 22:21:54] Ralph stopped but only 70/91 complete. Restarting...
[2026-01-20 22:21:54] Progress: 70 / 91 - waiting...
[2026-01-20 22:22:54] Progress: 70 / 91 - waiting...
[2026-01-20 22:23:54] Ralph stopped but only 70/91 complete. Restarting...
[2026-01-20 22:23:54] Progress: 70 / 91 - waiting...
[2026-01-20 22:24:54] Progress: 70 / 91 - waiting...
[2026-01-20 22:25:54] Ralph stopped but only 70/91 complete. Restarting...
[2026-01-20 22:25:54] Progress: 70 / 91 - waiting...
[2026-01-20 22:26:54] Progress: 70 / 91 - waiting...
[2026-01-20 22:27:54] Ralph stopped but only 70/91 complete. Restarting...
[2026-01-20 22:27:54] Progress: 70 / 91 - waiting...
[2026-01-20 22:28:54] Progress: 70 / 91 - waiting...
[2026-01-20 22:29:54] Ralph stopped but only 70/91 complete. Restarting...
[2026-01-20 22:29:54] Progress: 70 / 91 - waiting...
[2026-01-20 22:30:54] Progress: 70 / 91 - waiting...
[2026-01-20 22:31:54] Ralph stopped but only 70/91 complete. Restarting...
[2026-01-20 22:31:54] Progress: 70 / 91 - waiting...
[2026-01-20 22:32:54] Progress: 70 / 91 - waiting...
[2026-01-20 22:33:54] Ralph stopped but only 70/91 complete. Restarting...
[2026-01-20 22:33:54] Progress: 70 / 91 - waiting...
[2026-01-20 22:34:54] Progress: 70 / 91 - waiting...
[2026-01-20 22:35:54] Ralph stopped but only 70/91 complete. Restarting...
[2026-01-20 22:35:54] Progress: 70 / 91 - waiting...
[2026-01-20 22:36:54] Progress: 70 / 91 - waiting...
[2026-01-20 22:37:54] Ralph stopped but only 70/91 complete. Restarting...
[2026-01-20 22:37:54] Progress: 70 / 91 - waiting...
[2026-01-20 22:38:54] Progress: 70 / 91 - waiting...
[2026-01-20 22:39:54] Ralph stopped but only 70/91 complete. Restarting...
[2026-01-20 22:39:54] Progress: 70 / 91 - waiting...
[2026-01-20 22:40:54] Progress: 70 / 91 - waiting...
[2026-01-20 22:41:55] Ralph stopped but only 70/91 complete. Restarting...
[2026-01-20 22:41:55] Progress: 70 / 91 - waiting...
[2026-01-20 22:42:55] Progress: 70 / 91 - waiting...
[2026-01-20 22:43:55] Ralph stopped but only 70/91 complete. Restarting...
[2026-01-20 22:43:55] Progress: 70 / 91 - waiting...
[2026-01-20 22:44:55] Progress: 70 / 91 - waiting...
[2026-01-20 22:45:55] Ralph stopped but only 70/91 complete. Restarting...
[2026-01-20 22:45:55] Progress: 70 / 91 - waiting...
[2026-01-20 22:46:55] Progress: 70 / 91 - waiting...
[2026-01-20 22:47:55] Ralph stopped but only 70/91 complete. Restarting...
[2026-01-20 22:47:55] Progress: 70 / 91 - waiting...
[2026-01-20 22:48:55] Progress: 70 / 91 - waiting...
[2026-01-20 22:49:55] Ralph stopped but only 70/91 complete. Restarting...
[2026-01-20 22:49:55] Progress: 70 / 91 - waiting...
[2026-01-20 22:50:55] Progress: 70 / 91 - waiting...
[2026-01-20 22:51:55] Ralph stopped but only 70/91 complete. Restarting...
[2026-01-20 22:51:55] Progress: 70 / 91 - waiting...
[2026-01-20 22:52:55] Progress: 70 / 91 - waiting...
[2026-01-20 22:53:55] Ralph stopped but only 70/91 complete. Restarting...
[2026-01-20 22:53:55] Progress: 70 / 91 - waiting...
[2026-01-20 22:54:55] Progress: 70 / 91 - waiting...
[2026-01-20 22:55:55] Ralph stopped but only 70/91 complete. Restarting...
[2026-01-20 22:55:55] Progress: 70 / 91 - waiting...
[2026-01-20 22:56:55] Progress: 70 / 91 - waiting...
[2026-01-20 22:57:55] Ralph stopped but only 70/91 complete. Restarting...
[2026-01-20 22:57:55] Progress: 70 / 91 - waiting...
[2026-01-20 22:58:55] Progress: 70 / 91 - waiting...
[2026-01-20 22:59:55] Ralph stopped but only 70/91 complete. Restarting...
[2026-01-20 22:59:55] Progress: 70 / 91 - waiting...
[2026-01-20 23:00:55] Progress: 70 / 91 - waiting...
