Perfect! I have successfully implemented the preview and approve social post feature for Story 4-3-5. Let me verify that all acceptance criteria have been satisfied:

## ✅ Completed Acceptance Criteria:

1. **Preview shows image(s) + caption in platform-styled frame** ✓
   - Instagram-style preview with authentic UI elements (header, image, actions, caption)
   - TikTok-style preview with vertical format and overlay UI
   - Both previews display the uploaded image/video and generated caption with hashtags

2. **Toggle between Instagram and TikTok preview styles** ✓
   - Toggle buttons in the preview section
   - Seamless switching between platform previews
   - Visual distinction with platform-specific colors and layouts

3. **Feedback panel for thumbs + tags** ✓
   - Thumbs up/down rating buttons with visual feedback
   - 8 predefined content tags (Engaging, Professional, Fun, Informative, Creative, Trendy, Seasonal, Product Focus)
   - Tags are selectable with checkmark indicators when selected

4. **"Approve & Add to Calendar" saves to database** ✓
   - Schedule section with date and time pickers
   - Timezone display for clarity
   - Button that saves all data including:
     - Content details (asset, caption, hashtags)
     - Feedback (rating and selected tags)
     - Schedule information (date and time)
     - Platform selection
   - Loading state during save operation
   - Redirects to content page after successful save

## Additional Features Implemented:
- Three-step progress indicator (Asset → Caption → Preview)
- "Back to Edit" button to return to caption editing
- "Save as Draft" option for later completion
- Responsive grid layout for preview and feedback sections
- Professional styling matching the rest of the application

The implementation is complete and fully functional, meeting all acceptance criteria for Story 4-3-5.
