## Implementation Complete ✅

Story 4-2-4 "Review and approve lifestyle shots" has been successfully implemented. Here's what was completed:

### Acceptance Criteria Satisfied:

1. **✅ Same flow as product shots: pick winners, provide feedback**
   - Added winner selection buttons for Model A and Model B
   - Each shot can have one winner selected
   - Feedback textarea added for each shot variation

2. **✅ "Approve Selected" saves approved shots**
   - `handleApproveSelected` function implemented
   - Button appears at the end of the review flow
   - Shows success alert when shots are approved

3. **✅ Shows "Continue to Social Content" button after approvals**
   - Success message with checkmark icon displayed after approval
   - "Continue to Social Content →" button links to `/generate/social`
   - Only shown when `approvalSaved` state is true

### Key Features Implemented:

- **Review Mode**: Toggle between gallery view and detailed review mode
- **Shot Navigation**: Previous/Next buttons with dot indicators for current position
- **Winner Selection**: Visual indicators showing which model (A or B) is selected
- **Feedback System**: Textarea for adding notes about each lifestyle shot
- **Model Information**: Shows model type (Sora/Nano Banana) for each generated image
- **Responsive Design**: Maintains the existing responsive layout patterns

The implementation follows the same UX patterns as the product shots page, ensuring consistency across the application.
