Perfect! I've successfully created the content_types table migration. Let me provide a summary of what was implemented:

## Completed Acceptance Criteria ✅

1. **Table `content_types` exists with all required columns:**
   - ✅ `id` (uuid) - Primary key with auto-generation
   - ✅ `name` (text) - Unique content type name
   - ✅ `description` (text) - Detailed description
   - ✅ `template` (text) - Template string with variable placeholders
   - ✅ `variables` (jsonb array) - JSON array of variable definitions
   - ✅ `output_format` (text) - Format specification (text/json/html/markdown)
   - ✅ `platform_specs` (jsonb) - Platform-specific configuration
   - ✅ `active` (boolean) - Status flag
   - ✅ `created_at` (timestamptz) - Creation timestamp

2. **Can INSERT new content type with template:** 
   - ✅ Migration includes 5 sample content types (Twitter, Instagram, Reddit, Blog, TikTok)
   - ✅ Test script demonstrates INSERT functionality

3. **Can query active content types:**
   - ✅ Index created on `active` column for performance
   - ✅ RLS policies allow querying active content types
   - ✅ Test queries included for verification

## Additional Features Implemented:

- **Indexes** for optimized queries on `active`, `name`, and `created_at`
- **Row Level Security** policies for proper access control
- **Update trigger** for `updated_at` timestamp
- **Template validation** function to verify variables
- **Comprehensive comments** for documentation
- **Sample data** with 5 real-world content type templates
- **Test script** to verify all functionality

The migration file is ready for deployment and includes everything needed for the configurable social content formats feature.
