Perfect! The implementation has been completed successfully. Let me summarize what was implemented:

## Story 3-3-4: Show "Generate More" and "Continue to Shots" Options - COMPLETED ✅

### Implemented Features:

1. **Created Product Shots Page** (`/src/app/shots/page.tsx`):
   - New page for handling product shot generation
   - Receives design context via query parameters (designId, productType, style, imageUrl)
   - Shows mock product shot options (Street Style, Studio Shot, Lifestyle, etc.)
   - Handles case when no design is selected

2. **Updated ComparisonViewer Component**:
   - Added new props: `onGenerateAnother`, `productType`, `designStyle`
   - Added router import for navigation
   - Created `handleContinueToShots` function to navigate with design context
   - Replaced feedback panel with new button layout

3. **Enhanced Feedback Panel**:
   - Shows two action buttons after winner selection:
     - **"Generate Another"** - Resets the form for new generation
     - **"Generate Product Shots"** - Navigates to shots page with selected design context
   - Both buttons have icons for better UX
   - Responsive layout (stacks on mobile)

4. **Updated Generate Page**:
   - Added `handleGenerateAnother` function to reset generation results
   - Passes required props to ComparisonViewer (productType, designStyle, onGenerateAnother)
   - Maintains form state for quick re-generation

### Acceptance Criteria Status:
✅ After feedback submitted, shows two buttons
✅ "Generate Another" resets form for new generation  
✅ "Generate Product Shots" navigates to shots page with design context
✅ Approved design ID passed as query param

All acceptance criteria have been satisfied. The feature allows users to either generate another design or continue to the product shots page with their selected design context.
