## Implementation Complete

I have successfully implemented Story 3-3-3: Submit feedback to database. Here's a summary of the completed acceptance criteria:

### ✅ Completed Acceptance Criteria:

1. **Clicking "Submit Feedback" calls POST `/api/feedback`** 
   - Implemented in `FeedbackPanel.tsx` with `handleSubmit` function that makes a POST request to `/api/feedback`

2. **Request includes: contentId, contentType, rating, tags, textFeedback, comparisonWinner**
   - All fields are included in the POST request body (lines 79-86 in FeedbackPanel.tsx)

3. **Saves to feedback table**
   - Implemented in `/api/feedback/route.ts` with proper database insertion (lines 68-78)

4. **Also saves winning design to designs table with status='approved'**
   - Implemented conditional update when `comparisonWinner` is true and `contentType` is 'design' (lines 87-97 in route.ts)

5. **Shows success message: "Design saved!"**
   - Success message displayed in FeedbackPanel component (line 96 in FeedbackPanel.tsx)

6. **Returns 400 with `{ error: 'Rating is required' }` if rating missing**
   - Validation implemented (lines 16-21 in route.ts)

7. **Returns 400 with `{ error: 'Invalid rating value' }` if rating not thumbs_up/thumbs_down**
   - Validation implemented (lines 24-29 in route.ts)

8. **Returns 404 with `{ error: 'Content not found' }` if content_id invalid**
   - Content validation implemented for all content types (lines 32-65 in route.ts)

### Files Modified/Created:
- ✅ `/src/app/api/feedback/route.ts` - Created new API route with complete validation and database operations
- ✅ `/src/components/FeedbackPanel.tsx` - Updated to include API calls, loading states, and success/error messaging

The implementation is complete with all acceptance criteria satisfied. The feedback submission system now properly:
- Validates input data
- Saves feedback to the database
- Updates design status when appropriate
- Provides proper error handling and user feedback
- Shows loading states during submission
