## ✓ Completed Acceptance Criteria:

1. **ElementReviewCard shows: element name, value/meaning, current status** ✓
   - Shows element_key as name
   - Displays element_value with smart formatting for meaning/description
   - Shows current status with colored badge

2. **Three buttons: Approve (green), Reject (red), Maybe (yellow)** ✓
   - Green Approve button with checkmark icon
   - Red Reject button with X icon
   - Yellow Maybe button with ? icon
   - Active state highlighted with solid color and shadow

3. **Clicking button updates element status in local state** ✓
   - useState manages currentStatus
   - handleStatusChange updates local state
   - Optional callback to parent component

4. **Optional notes field expands on click** ✓
   - Collapsible notes section with chevron icon
   - Textarea for editing notes
   - Auto-saves on blur
   - Persists notes with status changes

The ElementReviewCard component is fully implemented with all required features including visual status indicators, responsive button states, and expandable notes functionality.
