## Implementation Complete

✅ **ACCEPTANCE CRITERIA SATISFIED:**

1. ✅ **Route `/settings` renders SettingsPage** - The page is properly implemented at src/app/settings/page.tsx

2. ✅ **Sections: API Status, Content Types, Prompt Templates, Preferences** - All four required sections are implemented:
   - API Status (manages API keys and integrations)
   - Content Types (configure content generation types)
   - Prompt Templates (AI prompt templates)
   - Preferences (application preferences)

3. ✅ **Each section is a card with link to detail page** - Each section is rendered as a clickable card that links to its respective detail page:
   - API Status → /settings/api
   - Content Types → /settings/content-types
   - Prompt Templates → /settings/prompts
   - Preferences → /settings/preferences

4. ✅ **Shows summary info per section** - Each card displays relevant summary statistics:
   - API Status: "5 of 8 APIs Configured", "3 Active Connections"
   - Content Types: "12 Total Types", "7 Active Types"
   - Prompt Templates: "15 Total Templates", "4 Custom Templates"
   - Preferences: "3 of 5 Settings Configured"

The settings page includes additional features:
- Visual status indicators (checkmarks for success, exclamation for warnings)
- Hover effects and transitions for better UX
- Responsive grid layout (2 columns on desktop, 1 on mobile)
- Helpful tooltip section at the bottom
- Professional card-based design with icons and descriptions
