## Story 4-4-1 Completed

✅ **All Acceptance Criteria Satisfied:**

1. **✅ Route `/settings/content-types` renders ContentTypesPage**
   - Created page at `tmh-app/app/settings/content-types/page.tsx`
   - Page component named `ContentTypesPage`

2. **✅ Lists all content types with name, status, usage count**
   - Table displays:
     - Content Type name with platform-specific icons
     - Status badges (Active/Inactive)
     - Usage count column with formatted numbers
     - Output format
     - Last updated date

3. **✅ "Add Content Type" button**
   - Button with Plus icon in the header
   - Responsive positioning
   - Blue styling with hover effect
   - `handleAddContentType` function ready for implementation

4. **✅ Edit/Delete buttons per row**
   - Edit button with Edit2 icon (blue color)
   - Delete button with Trash2 icon (red color) 
   - Both buttons positioned in Actions column
   - Click handlers implemented (`handleEdit`, `handleDelete`)
   - Delete includes confirmation dialog

**Additional Features Implemented:**
- Search functionality to filter content types
- Status filter dropdown (All/Active/Inactive)
- Loading state with spinner
- Empty state when no content types found
- Summary statistics cards (Total, Active, Total Usage)
- Responsive design (mobile and desktop)
- Platform-specific icons and colors for visual distinction
- Mock data with 6 different content type templates

The page is fully functional and ready for integration with backend APIs to replace the mock data.
