## Implementation Complete

All acceptance criteria have been satisfied:

✅ **"Generate Shots" button triggers generation for each selected type**
- Button implemented at line 426-436 in `src/app/generate/shots/page.tsx`
- Calls `handleGenerateShots` which processes each selected shot type

✅ **Progress indicator: "Generating shot 1 of 5..."**
- Progress indicator implemented at lines 443-465
- Shows current shot number and total: "Generating shot {current} of {total}..."
- Includes progress bar and current shot name

✅ **Each shot generated with Model A and Model B**
- API route generates with two models: Sora (Model A) and Nano Banana (Model B)
- Both models called in parallel in the API route
- Results stored with both model URLs and names

✅ **Results displayed in scrollable gallery**
- Scrollable gallery implemented at lines 468-574
- Horizontal scroll with `overflow-x-auto` for multiple shots
- Click on any shot to see detailed comparison view
- Shows side-by-side Model A and Model B comparisons

### Files Created/Modified:
1. **src/app/generate/shots/page.tsx** - Complete product shots UI with generation, progress tracking, and gallery
2. **src/app/api/generate/product-shot/route.ts** - API endpoint for generating product shots with both models
