Perfect! Let me summarize what has been implemented:

## ✅ STORY 5-0-3: Asset Detail Modal - COMPLETE

### Implementation Summary:
Created `/Users/greenmachine2.0/TMH/tmh-dashboard/src/components/AssetDetailModal.tsx` with full functionality and integrated it into the existing ImageGallery component.

### Acceptance Criteria Status:

✅ **Clicking asset thumbnail opens modal**
- Integrated with ImageGallery component - clicking thumbnails with `selectionMode="none"` opens the modal

✅ **Modal shows full-size image/video, generation params, feedback given, created date**
- Full-size image/video display with proper aspect ratio
- Generation parameters shown: prompt used, model used, city & type
- Feedback section displays `approval_notes` when available
- Created date formatted with full date and time

✅ **"Use in Post" button (links to content creation with asset pre-selected)**
- Button links to `/reddit/create?assetId=${asset.id}` 
- Pre-passes the asset ID as a query parameter

✅ **"Download" button for single asset**
- Functional download button that:
  - Fetches the image
  - Creates a blob URL
  - Triggers browser download with formatted filename

✅ **"Delete" button with confirmation**
- Two-step deletion process:
  - First click shows confirmation message
  - Requires second confirmation to actually delete
  - Includes cancel option
  - Shows loading state during deletion

### Additional Features Implemented:
- Video support detection and playback controls
- Approval status badge (Approved/Pending Review)
- Responsive modal design with separate image and details sections
- Proper modal backdrop and close behaviors
- Icon-enhanced detail sections for better UX
- Error handling for download and delete operations

All acceptance criteria have been satisfied. The modal is fully functional and integrated with the existing ImageGallery component.
