Perfect! All acceptance criteria have been successfully implemented. Here's what was completed:

## ✅ ACCEPTANCE CRITERIA COMPLETED:

1. **✅ `startFeedback(contentId, contentType)` initializes pendingFeedback**
   - Implemented at lines 18-31
   - Creates a new feedback object with contentId (as generationId) and contentType (in metadata)
   - Sets initial values for rating (0), tags (empty array), and comment (empty string)

2. **✅ `setRating(rating)` sets thumbs_up or thumbs_down**
   - Implemented at lines 34-45
   - Updates the rating property of pendingFeedback
   - Can set 1 for thumbs up or -1 for thumbs down

3. **✅ `toggleTag(tag)` adds/removes tag from tags array**
   - Implemented at lines 48-69
   - Adds tag if not present in array
   - Removes tag if already present

4. **✅ `setTextFeedback(text)` sets text feedback**
   - Implemented at lines 72-83
   - Updates the comment property of pendingFeedback

5. **✅ `submitFeedback()` moves pending to history and clears pending**
   - Implemented at lines 103-141
   - Gets pendingFeedback from store state
   - Creates complete feedback with ID and timestamp
   - Adds to feedbackHistory array
   - Clears pendingFeedback to null

The implementation is complete with proper TypeScript types, Zustand devtools integration, and all requested functionality.
