Let me verify all acceptance criteria have been met:

## ✅ ACCEPTANCE CRITERIA COMPLETION STATUS:

1. **✅ Dropdown populated with approved slang from selected city**
   - Implemented fetching of approved slang terms when a city is selected
   - Filters for `element_type === 'slang'` and `status === 'approved'`
   - Displays slang terms in a radio button list format

2. **✅ "Let AI Suggest" option at top**
   - Added "Let AI Suggest" as the first option with robot emoji (🤖)
   - Has description: "AI will pick the perfect slang term for your design"
   - Properly integrated with the selection state

3. **✅ Shows meaning next to each term**
   - Each slang term displays both the term and its meaning
   - Format: `{term} - {meaning}`
   - Also shows usage text if available
   - Displays popularity badge when available (high/very high shown in green)

4. **✅ Selection stored in generationStore**
   - Added `selectedSlangTerm` state to generationStore
   - Added `setSelectedSlangTerm` action
   - Type supports both `SlangTerm` object and `'ai-suggest'` string
   - Resets slang selection when city changes
   - Displays selected slang in generation settings summary

## IMPLEMENTATION COMPLETE

All acceptance criteria have been successfully satisfied. The slang term selector:
- Fetches approved slang from the selected city's elements
- Shows "Let AI Suggest" as the top option
- Displays term meanings alongside each option
- Stores the selection in the generation store
- Shows loading state while fetching
- Handles empty state when no approved slang exists
- Updates the generation settings display with the selected slang
