═══════════════════════════════════════════════════════════════
STORY 1.1.2 IMPLEMENTATION COMPLETE
═══════════════════════════════════════════════════════════════

## Acceptance Criteria Status:

✅ **Table `city_elements` exists with correct columns:**
   - id (uuid, primary key)
   - city_id (uuid, FK to cities)
   - element_type (text with CHECK constraint: 'slang'|'landmark'|'sport'|'cultural')
   - element_key (text)
   - element_value (jsonb)
   - status (text with CHECK constraint: 'approved'|'rejected'|'pending')
   - notes (text)
   - created_at (timestamptz)
   - updated_at (timestamptz with auto-update trigger)

✅ **Foreign key constraint to cities.id with ON DELETE CASCADE:**
   - Implemented with CONSTRAINT fk_city (lines 33-36)
   - CASCADE deletion ensures elements are removed when city is deleted

✅ **Can INSERT element linked to a city:**
   - Table structure supports INSERT operations
   - RLS policy enables insert for authenticated users (lines 57-60)
   - Test queries provided in test file

✅ **Can query all elements for a city filtered by status:**
   - Composite index on (city_id, status) for optimized queries (line 46)
   - Additional indexes on individual columns for flexibility
   - RLS policies allow authenticated reads

## Files Created:
1. `/Users/greenmachine2.0/TMH/supabase/migrations/002_create_city_elements.sql` - Main migration file
2. `/Users/greenmachine2.0/TMH/supabase/migrations/test_002_migration.sql` - Test validation queries

## Additional Features Implemented:
- Unique constraint on (city_id, element_type, element_key) to prevent duplicates
- Automatic updated_at timestamp management
- Row Level Security policies for authenticated access
- Performance indexes for common query patterns
- Comprehensive documentation comments
