═══════════════════════════════════════════════════════════════
COMPLETED: Story 4-2-1 - Create lifestyle shots page
═══════════════════════════════════════════════════════════════

✅ **ACCEPTANCE CRITERIA SATISFIED:**

1. **Route `/generate/lifestyle` renders LifestyleShotsPage** ✓
   - Created page component at `src/app/generate/lifestyle/page.tsx`
   - Exports default `LifestyleShotsPage` component with Suspense wrapper

2. **Reads designId from query params** ✓
   - Uses `useSearchParams()` hook to read `designId` from URL
   - Fetches design data when `designId` is present

3. **Shows design preview and city context** ✓
   - Displays design preview with image and metadata
   - Shows city information including name and country  
   - Includes dedicated "City Context" section explaining how city will be incorporated

**IMPLEMENTATION DETAILS:**
- Full lifestyle shots generation page with 6 scene types (Urban Street, Café, Outdoor Adventure, Studio Minimal, Social Gathering, Fitness)
- Interactive scene selection with checkboxes
- Progress tracking during generation
- Gallery view for generated shots with modal preview
- Responsive design matching existing app styling
- Complete error handling and loading states
