## Implementation Complete

I have successfully implemented Story 2-4-3: Save element approvals to database.

### ACCEPTANCE CRITERIA STATUS:

✅ **"Save Decisions" button calls PATCH `/api/cities/[cityId]/elements`**
- Button is visible when approvals are made
- Calls `handleSaveDecisions` function which makes the PATCH request

✅ **Request includes array of `{ elementId, status, notes }`**  
- Request body properly formatted with array of approval objects
- Each object contains elementId, status, and optional notes

✅ **Database updates each element's status**
- API route updates the `city_elements` table
- Updates status field and optional notes field
- Includes timestamp update

✅ **Success toast: "Decisions saved"**
- Toast notification appears after successful save
- Shows "Decisions saved" message with checkmark icon
- Includes slide-in animation

### FILES CREATED/MODIFIED:

1. **Modified:** `/src/app/cities/[cityId]/page.tsx`
   - Added approval state management
   - Added approval UI controls (Approve/Reject/Pending buttons)
   - Added notes input field
   - Added Save Decisions button
   - Added toast notification
   - Added API call to save decisions

2. **Created:** `/src/app/api/cities/[cityId]/elements/route.ts`
   - PATCH endpoint to update element approvals
   - Validates request data
   - Updates database with status and notes
   - Returns success/error responses

3. **Modified:** `/src/app/globals.css`
   - Added slide-in-up animation for toast notification

4. **Created:** `/src/lib/mockData.ts`
   - Added to resolve build dependency issue (not part of story but needed)

All acceptance criteria have been satisfied.
