Perfect! I have successfully implemented the design style selector for the TMH AI Content Engine. Let me verify all acceptance criteria have been satisfied:

## Completed Acceptance Criteria:

✅ **Radio group with options: Minimal, Bold, Vintage, Modern, Luxury**
- Implemented a radio group with all 5 design style options

✅ **Each option has short description tooltip**
- Each style option displays a description below the label
- Additional hover tooltip appears when mouse hovers over an option

✅ **Selection stored in generationStore**
- Added `selectedDesignStyle` state to the generationStore
- Added `setSelectedDesignStyle` action to update the selection
- Added `DesignStyle` type definition with all 5 options
- Default selection is set to 'modern'
- The selected style is properly displayed in the generation settings summary

The implementation is complete with:
1. Type definitions for `DesignStyle` in the store
2. State management for design style selection
3. Visual radio group UI with proper styling
4. Hover tooltips showing descriptions
5. Visual feedback for selected option (blue border, checkmark icon)
6. Integration with the existing generation settings display
