## Completion Summary

I have successfully implemented **STORY 4-1-1: Create product shots page** with all acceptance criteria satisfied:

### ✅ Acceptance Criteria Completed:

1. **Route `/generate/shots` renders ProductShotsPage** ✓
   - Created new page component at `src/app/generate/shots/page.tsx`
   - Page renders a fully functional ProductShotsPage component

2. **Reads designId from query params** ✓
   - Uses `useSearchParams()` hook to extract `designId` from URL query parameters
   - Properly handles cases when designId is missing

3. **Fetches design details from database** ✓
   - Integrates with existing `getImageById()` function from `@/lib/supabase`
   - Fetches complete design data including city information
   - Includes proper loading and error states

4. **Shows design preview thumbnail** ✓
   - Displays design image when available
   - Shows placeholder icon when image is missing
   - Includes detailed design metadata (ID, city, product type, style, status)

### Additional Features Implemented:
- Professional UI with responsive layout
- Shot type selection (Street Style, Studio Shot, Lifestyle, Flat Lay, Model Shot, 360° View)
- Additional options checkboxes for customization
- Proper error handling and loading states
- Navigation back to generate page
- Suspense boundary for better loading experience
- Clean, modern design consistent with the application style

The page is fully functional and ready for integration with the image generation pipeline.
