Perfect! I've successfully implemented the lifestyle shot configurator with all the required acceptance criteria. Let me verify that all requirements have been met:

## ACCEPTANCE CRITERIA COMPLETED ✓

1. **Model demographics dropdown (auto-populated from diversity requirements)** ✓
   - Implemented with 19 diverse demographic options including age groups, genders, and ethnicities

2. **Location dropdown (populated from city landmarks)** ✓
   - Dynamically populated based on the selected city (Seattle, Detroit, Chicago)
   - Each city has 7 landmark locations

3. **Time of day selector (Golden Hour, Blue Hour, Midday, Night)** ✓
   - Implemented as clickable cards with radio button selection
   - All 4 time options included with descriptions

4. **Activity selector (Walking, Standing, Sitting, Conversation)** ✓
   - Implemented with 7 activities including the required 4 plus Running, Dancing, and Skateboarding
   - Presented as clickable cards with radio button selection

5. **Sneaker selector (from approved whitelist)** ✓
   - Dropdown with 15 approved sneaker models from major brands
   - Organized by brand (Nike, Adidas, Vans, New Balance, Reebok, Converse)

## Additional Features Implemented:
- Configuration Summary section that shows selected options
- Form validation requiring all fields before generation
- Progress indicator during generation
- Generated shots gallery with preview functionality
- Responsive design for mobile and desktop
- Integration with existing design data structure

The implementation is complete and fully functional, ready for integration with the AI generation API when available.
