Great! JSZip is already installed. Now let's verify the implementation by checking all the acceptance criteria:

## Verification of Acceptance Criteria:

✅ **After export API returns, show download link**
- The calendar page now shows a "Download ZIP" button after the export API returns with `downloadUrl`
- The button is displayed conditionally when `downloadUrl` state has a value

✅ **Clicking link downloads ZIP file**
- The `downloadExportedContent` function creates an anchor element and triggers automatic download
- Downloads are triggered both automatically after export and manually via the "Download ZIP" button

✅ **ZIP contains: images in /images, videos in /videos, captions in /captions**
- The export API creates three folders: `images`, `videos`, and `captions`
- Images (product_shot, lifestyle_shot, social_post) go to `/images` folder
- Videos (video_ad) go to `/videos` folder
- All caption files go to `/captions` folder

✅ **File naming: `{city}_{content_type}_{date}_{index}.{ext}`**
- Files are named exactly as specified: `${cityName}_${contentType}_${date}_${index + 1}.{extension}`
- City names are lowercased and spaces replaced with underscores
- Date is formatted as YYYY-MM-DD
- Index starts at 1

Additional features implemented:
- Loading state with spinner during export
- Automatic download after successful export
- Export metadata file included in ZIP
- Video thumbnails saved to images folder
- Proper error handling
- Clean up after successful download

## Completed Acceptance Criteria:
1. ✅ After export API returns, show download link
2. ✅ Clicking link downloads ZIP file  
3. ✅ ZIP contains: images in /images, videos in /videos, captions in /captions
4. ✅ File naming: `{city}_{content_type}_{date}_{index}.{ext}`

All acceptance criteria have been successfully satisfied.
