Perfect! The migration file has been successfully created. Let me verify that we've satisfied all acceptance criteria:

═══════════════════════════════════════════════════════════════
COMPLETED ACCEPTANCE CRITERIA:
═══════════════════════════════════════════════════════════════

✅ **Table `generated_content` exists with all required columns:**
   - `id` (uuid) - PRIMARY KEY with gen_random_uuid() default
   - `content_type` (text) - with CHECK constraint for 'product_shot' | 'lifestyle_shot' | 'social_post' | 'video_ad'
   - `parent_id` (uuid) - nullable FK to designs table with ON DELETE CASCADE
   - `city_id` (uuid) - NOT NULL FK to cities table with ON DELETE CASCADE
   - `generation_params` (jsonb) - for storing generation parameters
   - `model_used` (text) - for storing the AI model name
   - `prompt_used` (text) - for storing the exact prompt
   - `output_url` (text) - for storing the URL to generated content
   - `output_metadata` (jsonb) - for storing output metadata
   - `status` (text) - with CHECK constraint for valid statuses
   - `created_at` (timestamptz) - with NOW() default

✅ **Can INSERT content of any type:**
   - Included 6 sample INSERT statements demonstrating all content types
   - Shows inserts with and without parent_id (nullable)
   - Proper foreign key relationships to cities and designs tables

✅ **Can query by content_type, city_id, status:**
   - Created index on content_type: `idx_generated_content_content_type`
   - Created index on city_id: `idx_generated_content_city_id`
   - Created index on status: `idx_generated_content_status`
   - Created composite index for optimized queries: `idx_generated_content_type_city_status`
   - Additional indexes for parent_id and created_at for better performance

**Additional features implemented:**
- Row Level Security (RLS) enabled with appropriate policies
- Comprehensive documentation via COMMENT statements
- Sample test data for all content types
- Proper permissions granted to all user roles
