## Story 4-4-2 Implementation Complete ✅

Successfully created the **ContentTypeEditor** component with all required features:

### Acceptance Criteria Satisfied:

1. **✅ Form with: name, description, template (textarea), variables (tag input)**
   - Name field with validation
   - Description textarea with validation
   - Template textarea with monospace font for code-like editing
   - Variables automatically extracted from template using `{{variable}}` pattern
   - Tag input system to add/remove variables dynamically

2. **✅ Output format selector: single_image, carousel, video**
   - Visual selector with icons for each format
   - Highlighted selection state
   - Stores selection in `output_format` field

3. **✅ Platform specs: aspect ratios per platform**
   - Pre-configured platform specifications for:
     - Instagram (Feed 1:1, Story/Reel 9:16)
     - TikTok (9:16)
     - Twitter (16:9)
     - Facebook (Feed 1:1)
     - YouTube (Thumbnail 16:9)
   - Visual selection with aspect ratio indicators
   - Multiple platform specs can be selected

4. **✅ Active toggle**
   - Toggle switch for active/inactive status
   - Clear visual indication of state
   - Description explaining inactive templates won't be available

5. **✅ Save creates/updates record in database**
   - `onSave` callback prop accepts complete ContentType object
   - Form validation before submission
   - Loading state during save operation
   - Error handling and display
   - Supports both create (new) and edit (existing) modes

### Additional Features Implemented:
- Real-time variable extraction from template
- Form validation with error messages
- Responsive design with Tailwind CSS
- Icon indicators for better UX
- Cancel functionality
- TypeScript interfaces for type safety
- Disabled state during save operation

The component is fully functional and ready to be integrated with your database layer through the `onSave` callback prop.
