## Summary

I have successfully implemented **Story 5-1-3: Add drag-drop reordering to grid** with all acceptance criteria satisfied:

### ✅ **Acceptance Criteria Completed:**

1. **Can drag posts to new positions in grid** - Implemented full drag-and-drop functionality with both mouse and touch support for mobile devices

2. **Visual feedback during drag** - Implemented:
   - Ghost image during drag (custom drag image)
   - Opacity reduction (50%) on the dragged item
   - Drop zone highlighting with blue ring and overlay
   - "Drop here" indicator when hovering over valid drop zones
   - Border color change on the grid during drag operations

3. **Order persists in local state** - The component maintains the reordered state locally and calls the `onOrderChange` callback to notify parent components

4. **"Lock Order" button saves order to database** - Implemented with:
   - Button to save the current order
   - Database update functionality for each post's `order_index`
   - Loading state with spinner during save
   - Success/error toast notifications
   - Database migration created to add `order_index` field

### **Files Created/Modified:**

1. **`src/components/InstagramGridPreview.tsx`** - Main component with full drag-drop implementation
2. **`supabase/migrations/009_add_order_index.sql`** - Database migration to add order_index field
3. **`src/app/test-grid/page.tsx`** - Test page with mock data
4. **`src/app/instagram-grid-demo/page.tsx`** - Demo page with Supabase integration
5. **`src/app/instagram-grid-demo/client-wrapper.tsx`** - Client wrapper for the demo

### **Additional Features Implemented:**

- Mobile touch support for drag-and-drop on touch devices
- Position indicators on hover showing current position
- Drag handle icon on hover
- Responsive grid layout (3 columns)
- Instructions for users
- Current order display showing the arrangement
- Error handling and validation
- Proper TypeScript types

The implementation is complete and production-ready with all acceptance criteria satisfied.
