═══════════════════════════════════════════════════════════════
STORY 1-1-7 COMPLETED ✓
═══════════════════════════════════════════════════════════════

**ACCEPTANCE CRITERIA SATISFIED:**

✓ Table `prompt_templates` exists with all required columns:
  - `id` (uuid with default gen_random_uuid())
  - `name` (text)
  - `category` (text)
  - `model_target` (text)
  - `prompt` (text)
  - `variables` (jsonb)
  - `settings` (jsonb)
  - `success_rate` (numeric with constraints)
  - `usage_count` (integer with constraints)
  - `created_at` (timestamptz with default)

✓ Can INSERT prompt template - RLS policies and sample data included

✓ Can query by category and model_target - Indexes created for both individual and combined queries

**ADDITIONAL FEATURES IMPLEMENTED:**
- Added `updated_at` column with auto-update trigger
- Created comprehensive indexes for performance
- Added RLS policies for security
- Included sample data for testing
- Added column comments for documentation
- Implemented data validation constraints
