## Completed Acceptance Criteria:

✅ **Route `/cities/[cityId]` renders CityDetailPage** - Created the page at `/src/app/cities/[cityId]/page.tsx` which handles the dynamic route

✅ **Page fetches city and city_elements from Supabase** - Implemented `fetchCityData()` which calls `getCityById()` and `getCityElementsByType()` to fetch data from Supabase

✅ **Shows city name, status, area codes** - The page displays:
- City name as a large heading
- Status as a colored badge
- Area codes as individual chips/badges
- Also includes nicknames and visual themes as bonus features

✅ **Displays research elements grouped by element_type** - Implemented:
- Tab navigation to filter by element type (all, slang, landmark, sport, cultural)
- Grouped display of elements with custom rendering for each type
- Status indicators (approved/rejected/pending) for each element
- Element counts in tab headers

Additional features implemented:
- Loading states with skeleton UI
- Error handling with user-friendly messages
- Back navigation to cities list
- Responsive design with grid layouts
- Custom element rendering based on type with specific fields displayed
- User notes display when available
- Creation date display
- Visual status indicators with icons
