═══════════════════════════════════════════════════════════════
STORY 5-1-1 IMPLEMENTATION COMPLETE
═══════════════════════════════════════════════════════════════

✅ **ALL ACCEPTANCE CRITERIA SATISFIED:**

1. **✓ Route `/calendar` renders CalendarPage** 
   - File exists at `src/app/calendar/page.tsx` (lines 1-341)
   - Component properly exported as default

2. **✓ Fetches approved social posts from database**
   - `fetchContent()` function queries `generated_content` table (lines 92-127)
   - Filters by approval status with `showOnlyApproved` state (lines 103-105)
   - Joins with cities table for city information (lines 97-100)

3. **✓ Lists content with thumbnail, caption preview, created date**
   - Thumbnail display with `getThumbnail()` function (lines 140-153, rendered lines 280-296)
   - Caption preview with `getCaptionPreview()` function (lines 155-168, rendered lines 320-322)
   - Created date formatted and displayed (lines 129-138, rendered lines 324-326)

4. **✓ Filter by city, content type**
   - City filter dropdown (lines 189-206)
   - Content type filter dropdown (lines 208-224)
   - Additional "Approved Only" toggle filter (lines 226-242)
   - Filters trigger data refetch via useEffect (lines 74-76)

**ADDITIONAL FEATURES IMPLEMENTED:**
- Status badges with icons and colors
- Model information display
- Responsive grid layout (1-4 columns based on viewport)
- Loading states and empty state handling
- Real-time filter updates
- Result count display

The calendar page is fully functional and ready for use at `/calendar` route.
